<?xml version="1.0" encoding="UTF-8"?>
<!-- Generated by org.testng.reporters.JUnitReportReporter -->
<testsuite skipped="0" hostname="Erdem-MacBook-Air.local" name="FrameworkSelenium.Tests.ErrorValidations" tests="1" failures="0" timestamp="15 Apr 2023 19:10:15 GMT" time="0.971" errors="0">
  <testcase name="submitOrder" time="0.971" classname="FrameworkSelenium.Tests.ErrorValidations"/>
</testsuite> <!-- FrameworkSelenium.Tests.ErrorValidations -->
