<?xml version="1.0" encoding="UTF-8"?>
<!-- Generated by org.testng.reporters.JUnitReportReporter -->
<testsuite hostname="Erdem-MacBook-Air.local" failures="0" tests="3" name="FrameworkSelenium.Tests.StandAloneTest" time="10.410" errors="0" timestamp="29 Apr 2023 14:32:04 GMT" skipped="0">
  <testcase classname="FrameworkSelenium.Tests.StandAloneTest" name="submitOrder" time="4.512"/>
  <testcase classname="FrameworkSelenium.Tests.StandAloneTest" name="submitOrder" time="4.768"/>
  <testcase classname="FrameworkSelenium.Tests.StandAloneTest" name="OrderHistoryTest" time="1.130"/>
</testsuite> <!-- FrameworkSelenium.Tests.StandAloneTest -->
