<?xml version="1.0" encoding="UTF-8"?>
<!-- Generated by org.testng.reporters.JUnitReportReporter -->
<testsuite hostname="Erdem-MacBook-Air.local" failures="0" tests="1" name="Cucumber.TestNGTestRunner" time="16.619" errors="0" timestamp="28 Apr 2023 21:41:37 GMT" skipped="0">
  <testcase classname="Cucumber.TestNGTestRunner" name="runScenario" time="16.619"/>
</testsuite> <!-- Cucumber.TestNGTestRunner -->
